<?xml version="1.0" encoding="UTF-8"?>
<!-- Generated by org.testng.reporters.JUnitReportReporter -->
<testsuite hostname="LAPTOP-88SF4JDS" failures="0" tests="1" name="test.UserAccessTests" time="10.040" errors="0" timestamp="28 dic 2020 19:59:32 GMT" skipped="0">
  <testcase classname="test.UserAccessTests" name="oneCanLoginGit" time="10.040"/>
</testsuite> <!-- test.UserAccessTests -->
