<?xml version="1.0" encoding="UTF-8"?>
<!-- Generated by org.testng.reporters.JUnitReportReporter -->
<testsuite hostname="LAPTOP-88SF4JDS" failures="0" tests="2" name="test.RepositoryManagementTests" time="0.090" errors="0" timestamp="01 gen 2021 19:48:58 GMT" skipped="0">
  <testcase classname="test.RepositoryManagementTests" name="oneCanCreateProject" time="0.038"/>
  <testcase classname="test.RepositoryManagementTests" name="newProjectsAreEmpty" time="0.052"/>
</testsuite> <!-- test.RepositoryManagementTests -->
